api_hello request being processed
Exception on /favicon.ico [GET]
Traceback (most recent call last):
  File "/Users/danielmacario/.virtualenvs/cv/lib/python2.7/site-packages/flask/app.py", line 1817, in wsgi_app
    response = self.full_dispatch_request()
  File "/Users/danielmacario/.virtualenvs/cv/lib/python2.7/site-packages/flask/app.py", line 1477, in full_dispatch_request
    rv = self.handle_user_exception(e)
  File "/Users/danielmacario/.virtualenvs/cv/lib/python2.7/site-packages/flask/app.py", line 1370, in handle_user_exception
    return self.handle_http_exception(e)
  File "/Users/danielmacario/.virtualenvs/cv/lib/python2.7/site-packages/flask/app.py", line 1330, in handle_http_exception
    return handler(e)
  File "EventDetectionWebServer.py", line 112, in not_found
    resp.status_code = 404
AttributeError: 'str' object has no attribute 'status_code'
api_hello request being processed
Exception on /favicon.ico [GET]
Traceback (most recent call last):
  File "/Users/danielmacario/.virtualenvs/cv/lib/python2.7/site-packages/flask/app.py", line 1817, in wsgi_app
    response = self.full_dispatch_request()
  File "/Users/danielmacario/.virtualenvs/cv/lib/python2.7/site-packages/flask/app.py", line 1477, in full_dispatch_request
    rv = self.handle_user_exception(e)
  File "/Users/danielmacario/.virtualenvs/cv/lib/python2.7/site-packages/flask/app.py", line 1370, in handle_user_exception
    return self.handle_http_exception(e)
  File "/Users/danielmacario/.virtualenvs/cv/lib/python2.7/site-packages/flask/app.py", line 1330, in handle_http_exception
    return handler(e)
  File "EventDetectionWebServer.py", line 112, in not_found
    resp.status_code = 404
AttributeError: 'str' object has no attribute 'status_code'
api_hello request being processed
Exception on /favicon.ico [GET]
Traceback (most recent call last):
  File "/Users/danielmacario/.virtualenvs/cv/lib/python2.7/site-packages/flask/app.py", line 1817, in wsgi_app
    response = self.full_dispatch_request()
  File "/Users/danielmacario/.virtualenvs/cv/lib/python2.7/site-packages/flask/app.py", line 1477, in full_dispatch_request
    rv = self.handle_user_exception(e)
  File "/Users/danielmacario/.virtualenvs/cv/lib/python2.7/site-packages/flask/app.py", line 1370, in handle_user_exception
    return self.handle_http_exception(e)
  File "/Users/danielmacario/.virtualenvs/cv/lib/python2.7/site-packages/flask/app.py", line 1330, in handle_http_exception
    return handler(e)
  File "EventDetectionWebServer.py", line 112, in not_found
    resp.status_code = 404
AttributeError: 'str' object has no attribute 'status_code'
api_hello request being processed
Exception on /favicon.ico [GET]
Traceback (most recent call last):
  File "/Users/danielmacario/.virtualenvs/cv/lib/python2.7/site-packages/flask/app.py", line 1817, in wsgi_app
    response = self.full_dispatch_request()
  File "/Users/danielmacario/.virtualenvs/cv/lib/python2.7/site-packages/flask/app.py", line 1477, in full_dispatch_request
    rv = self.handle_user_exception(e)
  File "/Users/danielmacario/.virtualenvs/cv/lib/python2.7/site-packages/flask/app.py", line 1370, in handle_user_exception
    return self.handle_http_exception(e)
  File "/Users/danielmacario/.virtualenvs/cv/lib/python2.7/site-packages/flask/app.py", line 1330, in handle_http_exception
    return handler(e)
  File "EventDetectionWebServer.py", line 113, in not_found
    resp.status_code = 404
AttributeError: 'str' object has no attribute 'status_code'
